2022-05-30 12:37:26,335 INFO com.netflix.eureka.DefaultEurekaServerContext [restartedMain] Initializing ...
2022-05-30 12:37:26,337 INFO com.netflix.eureka.cluster.PeerEurekaNodes [restartedMain] Adding new peer nodes [http://localhost:8761/eureka/]
2022-05-30 12:37:26,423 INFO com.netflix.discovery.provider.DiscoveryJerseyProvider [restartedMain] Using JSON encoding codec LegacyJacksonJson
2022-05-30 12:37:26,423 INFO com.netflix.discovery.provider.DiscoveryJerseyProvider [restartedMain] Using JSON decoding codec LegacyJacksonJson
2022-05-30 12:37:26,423 INFO com.netflix.discovery.provider.DiscoveryJerseyProvider [restartedMain] Using XML encoding codec XStreamXml
2022-05-30 12:37:26,423 INFO com.netflix.discovery.provider.DiscoveryJerseyProvider [restartedMain] Using XML decoding codec XStreamXml
2022-05-30 12:37:26,574 INFO com.netflix.eureka.cluster.PeerEurekaNodes [restartedMain] Replica node URL:  http://localhost:8761/eureka/
2022-05-30 12:37:26,612 INFO com.netflix.eureka.registry.AbstractInstanceRegistry [restartedMain] Finished initializing remote region registries. All known remote regions: []
2022-05-30 12:37:26,617 INFO com.netflix.eureka.DefaultEurekaServerContext [restartedMain] Initialized
2022-05-30 12:37:26,652 INFO org.springframework.boot.actuate.endpoint.web.EndpointLinksResolver [restartedMain] Exposing 1 endpoint(s) beneath base path '/actuator'
2022-05-30 12:37:26,702 INFO org.springframework.cloud.netflix.eureka.serviceregistry.EurekaServiceRegistry [restartedMain] Registering application API-EUREKA-SERVER with eureka with status UP
2022-05-30 12:37:26,703 INFO org.apache.juli.logging.DirectJDKLog [restartedMain] Starting ProtocolHandler ["http-nio-8761"]
2022-05-30 12:37:26,708 INFO org.springframework.cloud.netflix.eureka.server.EurekaServerBootstrap [Thread-16] isAws returned false
2022-05-30 12:37:26,708 INFO org.springframework.cloud.netflix.eureka.server.EurekaServerBootstrap [Thread-16] Initialized server context
2022-05-30 12:37:26,708 INFO com.netflix.eureka.registry.PeerAwareInstanceRegistryImpl [Thread-16] Got 1 instances from neighboring DS node
2022-05-30 12:37:26,708 INFO com.netflix.eureka.registry.PeerAwareInstanceRegistryImpl [Thread-16] Renew threshold is: 1
2022-05-30 12:37:26,708 INFO com.netflix.eureka.registry.PeerAwareInstanceRegistryImpl [Thread-16] Changing status to UP
2022-05-30 12:37:26,721 INFO org.springframework.boot.web.embedded.tomcat.TomcatWebServer [restartedMain] Tomcat started on port(s): 8761 (http) with context path ''
2022-05-30 12:37:26,723 INFO org.springframework.cloud.netflix.eureka.serviceregistry.EurekaAutoServiceRegistration [restartedMain] Updating port to 8761
2022-05-30 12:37:26,751 INFO org.springframework.boot.StartupInfoLogger [restartedMain] Started EurekaServerApplication in 2.966 seconds (JVM running for 3.43)
2022-05-30 12:37:26,757 INFO org.springframework.cloud.netflix.eureka.server.EurekaServerInitializerConfiguration [Thread-16] Started Eureka Server
2022-05-30 12:37:28,553 INFO org.apache.juli.logging.DirectJDKLog [RMI TCP Connection(9)-127.0.0.1] Initializing Spring DispatcherServlet 'dispatcherServlet'
2022-05-30 12:37:28,553 INFO org.springframework.web.servlet.FrameworkServlet [RMI TCP Connection(9)-127.0.0.1] Initializing Servlet 'dispatcherServlet'
2022-05-30 12:37:28,554 INFO org.springframework.web.servlet.FrameworkServlet [RMI TCP Connection(9)-127.0.0.1] Completed initialization in 1 ms
2022-05-30 12:37:28,963 INFO com.netflix.eureka.registry.AbstractInstanceRegistry [http-nio-8761-exec-2] Registered instance API-TARJETAS/api-tarjetas:70186cee26e507115b4b252dccf2b14f with status UP (replication=false)
2022-05-30 12:37:29,504 INFO com.netflix.eureka.registry.AbstractInstanceRegistry [http-nio-8761-exec-3] Registered instance API-TARJETAS/api-tarjetas:70186cee26e507115b4b252dccf2b14f with status UP (replication=true)
2022-05-30 12:37:31,651 INFO com.netflix.eureka.registry.AbstractInstanceRegistry [http-nio-8761-exec-5] Registered instance API-GATEWAY-SERVER/192.168.100.35:api-gateway-server:8090 with status UP (replication=false)
2022-05-30 12:37:32,167 INFO com.netflix.eureka.registry.AbstractInstanceRegistry [http-nio-8761-exec-6] Registered instance API-GATEWAY-SERVER/192.168.100.35:api-gateway-server:8090 with status UP (replication=true)
2022-05-30 12:38:26,711 INFO com.netflix.eureka.registry.AbstractInstanceRegistry$EvictionTask [Eureka-EvictionTimer] Running the evict task with compensationTime 0ms
2022-05-30 12:39:26,714 INFO com.netflix.eureka.registry.AbstractInstanceRegistry$EvictionTask [Eureka-EvictionTimer] Running the evict task with compensationTime 3ms
2022-05-30 12:40:26,719 INFO com.netflix.eureka.registry.AbstractInstanceRegistry$EvictionTask [Eureka-EvictionTimer] Running the evict task with compensationTime 5ms
2022-05-30 12:41:26,721 INFO com.netflix.eureka.registry.AbstractInstanceRegistry$EvictionTask [Eureka-EvictionTimer] Running the evict task with compensationTime 3ms
2022-05-30 12:42:26,721 INFO com.netflix.eureka.registry.AbstractInstanceRegistry$EvictionTask [Eureka-EvictionTimer] Running the evict task with compensationTime 0ms
2022-05-30 12:43:26,724 INFO com.netflix.eureka.registry.AbstractInstanceRegistry$EvictionTask [Eureka-EvictionTimer] Running the evict task with compensationTime 4ms
2022-05-30 12:44:26,729 INFO com.netflix.eureka.registry.AbstractInstanceRegistry$EvictionTask [Eureka-EvictionTimer] Running the evict task with compensationTime 5ms
2022-05-30 12:45:26,733 INFO com.netflix.eureka.registry.AbstractInstanceRegistry$EvictionTask [Eureka-EvictionTimer] Running the evict task with compensationTime 5ms
2022-05-30 12:46:26,734 INFO com.netflix.eureka.registry.AbstractInstanceRegistry$EvictionTask [Eureka-EvictionTimer] Running the evict task with compensationTime 3ms
