2022-05-26 02:35:07,099 INFO com.netflix.eureka.DefaultEurekaServerContext [RMI TCP Connection(14)-127.0.0.1] Shut down
2022-05-26 02:35:07,118 INFO com.netflix.discovery.DiscoveryClient [RMI TCP Connection(14)-127.0.0.1] Shutting down DiscoveryClient ...
2022-05-26 02:35:07,122 INFO com.netflix.discovery.DiscoveryClient [RMI TCP Connection(14)-127.0.0.1] Completed shut down of DiscoveryClient
2022-05-26 02:35:16,023 INFO org.springframework.boot.StartupInfoLogger [restartedMain] Starting EurekaServerApplication using Java 17.0.2 on MacBook-Pro-de-Javier.local with PID 18069 (/Users/javieralejandrocalixtocano/Documents/workspace-spring-tool-suite-4-4.14.1.RELEASE/EurekaServer/target/classes started by javieralejandrocalixtocano in /Users/javieralejandrocalixtocano/Documents/workspace-spring-tool-suite-4-4.14.1.RELEASE/EurekaServer)
2022-05-26 02:35:16,026 INFO org.springframework.boot.SpringApplication [restartedMain] No active profile set, falling back to default profiles: default
2022-05-26 02:35:16,044 INFO org.springframework.boot.logging.DeferredLog [restartedMain] Devtools property defaults active! Set 'spring.devtools.add-properties' to 'false' to disable
2022-05-26 02:35:16,044 INFO org.springframework.boot.logging.DeferredLog [restartedMain] For additional web related logging consider setting the 'logging.level.web' property to 'DEBUG'
2022-05-26 02:35:16,459 INFO org.springframework.cloud.context.scope.GenericScope [restartedMain] BeanFactory id=44dc44bc-8e2b-32eb-8874-699118c39863
2022-05-26 02:35:16,657 INFO org.springframework.boot.web.embedded.tomcat.TomcatWebServer [restartedMain] Tomcat initialized with port(s): 8761 (http)
2022-05-26 02:35:16,661 INFO org.apache.juli.logging.DirectJDKLog [restartedMain] Initializing ProtocolHandler ["http-nio-8761"]
2022-05-26 02:35:16,661 INFO org.apache.juli.logging.DirectJDKLog [restartedMain] Starting service [Tomcat]
2022-05-26 02:35:16,662 INFO org.apache.juli.logging.DirectJDKLog [restartedMain] Starting Servlet engine: [Apache Tomcat/9.0.56]
2022-05-26 02:35:16,700 INFO org.apache.juli.logging.DirectJDKLog [restartedMain] Initializing Spring embedded WebApplicationContext
2022-05-26 02:35:16,700 INFO org.springframework.boot.web.servlet.context.ServletWebServerApplicationContext [restartedMain] Root WebApplicationContext: initialization completed in 655 ms
2022-05-26 02:35:16,869 INFO com.sun.jersey.server.impl.application.WebApplicationImpl [restartedMain] Initiating Jersey application, version 'Jersey: 1.19.4 05/24/2017 03:20 PM'
2022-05-26 02:35:16,891 INFO com.netflix.discovery.provider.DiscoveryJerseyProvider [restartedMain] Using JSON encoding codec LegacyJacksonJson
2022-05-26 02:35:16,891 INFO com.netflix.discovery.provider.DiscoveryJerseyProvider [restartedMain] Using JSON decoding codec LegacyJacksonJson
2022-05-26 02:35:16,969 INFO com.netflix.discovery.provider.DiscoveryJerseyProvider [restartedMain] Using XML encoding codec XStreamXml
2022-05-26 02:35:16,969 INFO com.netflix.discovery.provider.DiscoveryJerseyProvider [restartedMain] Using XML decoding codec XStreamXml
2022-05-26 02:35:17,398 INFO org.springframework.boot.devtools.autoconfigure.OptionalLiveReloadServer [restartedMain] LiveReload server is running on port 35729
2022-05-26 02:35:17,407 INFO org.springframework.cloud.netflix.eureka.config.DiscoveryClientOptionalArgsConfiguration [restartedMain] Eureka HTTP Client uses Jersey
2022-05-26 02:35:17,433 WARN org.springframework.cloud.loadbalancer.config.LoadBalancerCacheAutoConfiguration$LoadBalancerCaffeineWarnLogger [restartedMain] Spring Cloud LoadBalancer is currently working with the default cache. While this cache implementation is useful for development and tests, it's recommended to use Caffeine cache in production.You can switch to using Caffeine cache, by adding it and org.springframework.cache.caffeine.CaffeineCacheManager to the classpath.
2022-05-26 02:35:17,439 INFO org.springframework.cloud.netflix.eureka.InstanceInfoFactory [restartedMain] Setting initial instance status as: STARTING
2022-05-26 02:35:17,450 INFO com.netflix.discovery.DiscoveryClient [restartedMain] Initializing Eureka in region us-east-1
2022-05-26 02:35:17,450 INFO com.netflix.discovery.DiscoveryClient [restartedMain] Client configured to neither register nor query for data.
2022-05-26 02:35:17,454 INFO com.netflix.discovery.DiscoveryClient [restartedMain] Discovery Client initialized at timestamp 1653550517453 with initial instances count: 0
2022-05-26 02:35:17,469 INFO com.netflix.eureka.DefaultEurekaServerContext [restartedMain] Initializing ...
2022-05-26 02:35:17,470 INFO com.netflix.eureka.cluster.PeerEurekaNodes [restartedMain] Adding new peer nodes [http://localhost:8761/eureka/]
2022-05-26 02:35:17,536 INFO com.netflix.discovery.provider.DiscoveryJerseyProvider [restartedMain] Using JSON encoding codec LegacyJacksonJson
2022-05-26 02:35:17,536 INFO com.netflix.discovery.provider.DiscoveryJerseyProvider [restartedMain] Using JSON decoding codec LegacyJacksonJson
2022-05-26 02:35:17,536 INFO com.netflix.discovery.provider.DiscoveryJerseyProvider [restartedMain] Using XML encoding codec XStreamXml
2022-05-26 02:35:17,536 INFO com.netflix.discovery.provider.DiscoveryJerseyProvider [restartedMain] Using XML decoding codec XStreamXml
2022-05-26 02:35:17,613 INFO com.netflix.eureka.cluster.PeerEurekaNodes [restartedMain] Replica node URL:  http://localhost:8761/eureka/
2022-05-26 02:35:17,627 INFO com.netflix.eureka.registry.AbstractInstanceRegistry [restartedMain] Finished initializing remote region registries. All known remote regions: []
2022-05-26 02:35:17,631 INFO com.netflix.eureka.DefaultEurekaServerContext [restartedMain] Initialized
2022-05-26 02:35:17,634 INFO org.springframework.boot.actuate.endpoint.web.EndpointLinksResolver [restartedMain] Exposing 1 endpoint(s) beneath base path '/actuator'
2022-05-26 02:35:17,665 INFO org.springframework.cloud.netflix.eureka.serviceregistry.EurekaServiceRegistry [restartedMain] Registering application API-EUREKA-SERVER with eureka with status UP
2022-05-26 02:35:17,666 INFO org.apache.juli.logging.DirectJDKLog [restartedMain] Starting ProtocolHandler ["http-nio-8761"]
2022-05-26 02:35:17,670 INFO org.springframework.cloud.netflix.eureka.server.EurekaServerBootstrap [Thread-15] isAws returned false
2022-05-26 02:35:17,670 INFO org.springframework.cloud.netflix.eureka.server.EurekaServerBootstrap [Thread-15] Initialized server context
2022-05-26 02:35:17,670 INFO com.netflix.eureka.registry.PeerAwareInstanceRegistryImpl [Thread-15] Got 1 instances from neighboring DS node
2022-05-26 02:35:17,670 INFO com.netflix.eureka.registry.PeerAwareInstanceRegistryImpl [Thread-15] Renew threshold is: 1
2022-05-26 02:35:17,670 INFO com.netflix.eureka.registry.PeerAwareInstanceRegistryImpl [Thread-15] Changing status to UP
2022-05-26 02:35:17,675 INFO org.springframework.boot.web.embedded.tomcat.TomcatWebServer [restartedMain] Tomcat started on port(s): 8761 (http) with context path ''
2022-05-26 02:35:17,676 INFO org.springframework.cloud.netflix.eureka.serviceregistry.EurekaAutoServiceRegistration [restartedMain] Updating port to 8761
2022-05-26 02:35:17,689 INFO org.springframework.boot.StartupInfoLogger [restartedMain] Started EurekaServerApplication in 1.828 seconds (JVM running for 2.62)
2022-05-26 02:35:17,698 INFO org.springframework.cloud.netflix.eureka.server.EurekaServerInitializerConfiguration [Thread-15] Started Eureka Server
2022-05-26 02:35:17,988 INFO org.apache.juli.logging.DirectJDKLog [RMI TCP Connection(3)-127.0.0.1] Initializing Spring DispatcherServlet 'dispatcherServlet'
2022-05-26 02:35:17,988 INFO org.springframework.web.servlet.FrameworkServlet [RMI TCP Connection(3)-127.0.0.1] Initializing Servlet 'dispatcherServlet'
2022-05-26 02:35:17,989 INFO org.springframework.web.servlet.FrameworkServlet [RMI TCP Connection(3)-127.0.0.1] Completed initialization in 1 ms
2022-05-26 02:35:21,342 INFO com.netflix.eureka.registry.AbstractInstanceRegistry [http-nio-8761-exec-2] Registered instance API-PRODUCTOS/api-productos:87843b4887e00f9cfb3cbc2778fb3f43 with status UP (replication=false)
2022-05-26 02:35:21,889 INFO com.netflix.eureka.registry.AbstractInstanceRegistry [http-nio-8761-exec-3] Registered instance API-PRODUCTOS/api-productos:87843b4887e00f9cfb3cbc2778fb3f43 with status UP (replication=true)
2022-05-26 02:35:22,891 INFO com.netflix.eureka.registry.AbstractInstanceRegistry [http-nio-8761-exec-5] Registered instance REST-ITEMS/192.168.100.35:rest-items:8002 with status UP (replication=false)
2022-05-26 02:35:23,410 INFO com.netflix.eureka.registry.AbstractInstanceRegistry [http-nio-8761-exec-6] Registered instance REST-ITEMS/192.168.100.35:rest-items:8002 with status UP (replication=true)
2022-05-26 02:36:17,675 INFO com.netflix.eureka.registry.AbstractInstanceRegistry$EvictionTask [Eureka-EvictionTimer] Running the evict task with compensationTime 0ms
2022-05-26 02:37:17,679 INFO com.netflix.eureka.registry.AbstractInstanceRegistry$EvictionTask [Eureka-EvictionTimer] Running the evict task with compensationTime 3ms
2022-05-26 14:02:44,226 INFO org.springframework.boot.StartupInfoLogger [restartedMain] Starting EurekaServerApplication using Java 17.0.2 on MacBook-Pro-de-Javier.local with PID 4632 (/Users/javieralejandrocalixtocano/Documents/workspace-spring-tool-suite-4-4.14.1.RELEASE/EurekaServer/target/classes started by javieralejandrocalixtocano in /Users/javieralejandrocalixtocano/Documents/workspace-spring-tool-suite-4-4.14.1.RELEASE/EurekaServer)
2022-05-26 14:02:44,229 INFO org.springframework.boot.SpringApplication [restartedMain] No active profile set, falling back to default profiles: default
2022-05-26 14:02:44,250 INFO org.springframework.boot.logging.DeferredLog [restartedMain] Devtools property defaults active! Set 'spring.devtools.add-properties' to 'false' to disable
2022-05-26 14:02:44,250 INFO org.springframework.boot.logging.DeferredLog [restartedMain] For additional web related logging consider setting the 'logging.level.web' property to 'DEBUG'
2022-05-26 14:02:44,735 INFO org.springframework.cloud.context.scope.GenericScope [restartedMain] BeanFactory id=44dc44bc-8e2b-32eb-8874-699118c39863
2022-05-26 14:02:44,963 INFO org.springframework.boot.web.embedded.tomcat.TomcatWebServer [restartedMain] Tomcat initialized with port(s): 8761 (http)
2022-05-26 14:02:44,968 INFO org.apache.juli.logging.DirectJDKLog [restartedMain] Initializing ProtocolHandler ["http-nio-8761"]
2022-05-26 14:02:44,968 INFO org.apache.juli.logging.DirectJDKLog [restartedMain] Starting service [Tomcat]
2022-05-26 14:02:44,968 INFO org.apache.juli.logging.DirectJDKLog [restartedMain] Starting Servlet engine: [Apache Tomcat/9.0.56]
