2022-05-26 14:02:45,008 INFO org.apache.juli.logging.DirectJDKLog [restartedMain] Initializing Spring embedded WebApplicationContext
2022-05-26 14:02:45,008 INFO org.springframework.boot.web.servlet.context.ServletWebServerApplicationContext [restartedMain] Root WebApplicationContext: initialization completed in 758 ms
2022-05-26 14:02:45,192 INFO com.sun.jersey.server.impl.application.WebApplicationImpl [restartedMain] Initiating Jersey application, version 'Jersey: 1.19.4 05/24/2017 03:20 PM'
2022-05-26 14:02:45,218 INFO com.netflix.discovery.provider.DiscoveryJerseyProvider [restartedMain] Using JSON encoding codec LegacyJacksonJson
2022-05-26 14:02:45,219 INFO com.netflix.discovery.provider.DiscoveryJerseyProvider [restartedMain] Using JSON decoding codec LegacyJacksonJson
2022-05-26 14:02:45,306 INFO com.netflix.discovery.provider.DiscoveryJerseyProvider [restartedMain] Using XML encoding codec XStreamXml
2022-05-26 14:02:45,306 INFO com.netflix.discovery.provider.DiscoveryJerseyProvider [restartedMain] Using XML decoding codec XStreamXml
2022-05-26 14:02:45,779 INFO org.springframework.boot.devtools.autoconfigure.OptionalLiveReloadServer [restartedMain] LiveReload server is running on port 35729
2022-05-26 14:02:45,786 INFO org.springframework.cloud.netflix.eureka.config.DiscoveryClientOptionalArgsConfiguration [restartedMain] Eureka HTTP Client uses Jersey
2022-05-26 14:02:45,808 WARN org.springframework.cloud.loadbalancer.config.LoadBalancerCacheAutoConfiguration$LoadBalancerCaffeineWarnLogger [restartedMain] Spring Cloud LoadBalancer is currently working with the default cache. While this cache implementation is useful for development and tests, it's recommended to use Caffeine cache in production.You can switch to using Caffeine cache, by adding it and org.springframework.cache.caffeine.CaffeineCacheManager to the classpath.
2022-05-26 14:02:45,815 INFO org.springframework.cloud.netflix.eureka.InstanceInfoFactory [restartedMain] Setting initial instance status as: STARTING
2022-05-26 14:02:45,826 INFO com.netflix.discovery.DiscoveryClient [restartedMain] Initializing Eureka in region us-east-1
2022-05-26 14:02:45,826 INFO com.netflix.discovery.DiscoveryClient [restartedMain] Client configured to neither register nor query for data.
2022-05-26 14:02:45,830 INFO com.netflix.discovery.DiscoveryClient [restartedMain] Discovery Client initialized at timestamp 1653591765830 with initial instances count: 0
2022-05-26 14:02:45,846 INFO com.netflix.eureka.DefaultEurekaServerContext [restartedMain] Initializing ...
2022-05-26 14:02:45,847 INFO com.netflix.eureka.cluster.PeerEurekaNodes [restartedMain] Adding new peer nodes [http://localhost:8761/eureka/]
2022-05-26 14:02:45,924 INFO com.netflix.discovery.provider.DiscoveryJerseyProvider [restartedMain] Using JSON encoding codec LegacyJacksonJson
2022-05-26 14:02:45,924 INFO com.netflix.discovery.provider.DiscoveryJerseyProvider [restartedMain] Using JSON decoding codec LegacyJacksonJson
2022-05-26 14:02:45,924 INFO com.netflix.discovery.provider.DiscoveryJerseyProvider [restartedMain] Using XML encoding codec XStreamXml
2022-05-26 14:02:45,924 INFO com.netflix.discovery.provider.DiscoveryJerseyProvider [restartedMain] Using XML decoding codec XStreamXml
2022-05-26 14:02:46,010 INFO com.netflix.eureka.cluster.PeerEurekaNodes [restartedMain] Replica node URL:  http://localhost:8761/eureka/
2022-05-26 14:02:46,023 INFO com.netflix.eureka.registry.AbstractInstanceRegistry [restartedMain] Finished initializing remote region registries. All known remote regions: []
2022-05-26 14:02:46,027 INFO com.netflix.eureka.DefaultEurekaServerContext [restartedMain] Initialized
2022-05-26 14:02:46,030 INFO org.springframework.boot.actuate.endpoint.web.EndpointLinksResolver [restartedMain] Exposing 1 endpoint(s) beneath base path '/actuator'
2022-05-26 14:02:46,056 INFO org.springframework.cloud.netflix.eureka.serviceregistry.EurekaServiceRegistry [restartedMain] Registering application API-EUREKA-SERVER with eureka with status UP
2022-05-26 14:02:46,057 INFO org.apache.juli.logging.DirectJDKLog [restartedMain] Starting ProtocolHandler ["http-nio-8761"]
2022-05-26 14:02:46,062 INFO org.springframework.cloud.netflix.eureka.server.EurekaServerBootstrap [Thread-15] isAws returned false
2022-05-26 14:02:46,062 INFO org.springframework.cloud.netflix.eureka.server.EurekaServerBootstrap [Thread-15] Initialized server context
2022-05-26 14:02:46,062 INFO com.netflix.eureka.registry.PeerAwareInstanceRegistryImpl [Thread-15] Got 1 instances from neighboring DS node
2022-05-26 14:02:46,062 INFO com.netflix.eureka.registry.PeerAwareInstanceRegistryImpl [Thread-15] Renew threshold is: 1
2022-05-26 14:02:46,062 INFO com.netflix.eureka.registry.PeerAwareInstanceRegistryImpl [Thread-15] Changing status to UP
2022-05-26 14:02:46,067 INFO org.springframework.boot.web.embedded.tomcat.TomcatWebServer [restartedMain] Tomcat started on port(s): 8761 (http) with context path ''
2022-05-26 14:02:46,067 INFO org.springframework.cloud.netflix.eureka.serviceregistry.EurekaAutoServiceRegistration [restartedMain] Updating port to 8761
2022-05-26 14:02:46,081 INFO org.springframework.boot.StartupInfoLogger [restartedMain] Started EurekaServerApplication in 2.032 seconds (JVM running for 2.667)
2022-05-26 14:02:46,090 INFO org.springframework.cloud.netflix.eureka.server.EurekaServerInitializerConfiguration [Thread-15] Started Eureka Server
2022-05-26 14:02:46,774 INFO org.apache.juli.logging.DirectJDKLog [RMI TCP Connection(9)-127.0.0.1] Initializing Spring DispatcherServlet 'dispatcherServlet'
2022-05-26 14:02:46,774 INFO org.springframework.web.servlet.FrameworkServlet [RMI TCP Connection(9)-127.0.0.1] Initializing Servlet 'dispatcherServlet'
2022-05-26 14:02:46,775 INFO org.springframework.web.servlet.FrameworkServlet [RMI TCP Connection(9)-127.0.0.1] Completed initialization in 1 ms
2022-05-26 14:03:02,343 INFO com.netflix.eureka.registry.AbstractInstanceRegistry [http-nio-8761-exec-2] Registered instance API-PRODUCTOS/api-productos:8bc97a12734ff8e4a33342d4875adb28 with status UP (replication=false)
2022-05-26 14:03:02,921 INFO com.netflix.eureka.registry.AbstractInstanceRegistry [http-nio-8761-exec-3] Registered instance API-PRODUCTOS/api-productos:8bc97a12734ff8e4a33342d4875adb28 with status UP (replication=true)
2022-05-26 14:03:17,182 INFO com.netflix.eureka.registry.AbstractInstanceRegistry [http-nio-8761-exec-5] Registered instance REST-ITEMS/192.168.100.35:rest-items:8002 with status UP (replication=false)
2022-05-26 14:03:17,696 INFO com.netflix.eureka.registry.AbstractInstanceRegistry [http-nio-8761-exec-6] Registered instance REST-ITEMS/192.168.100.35:rest-items:8002 with status UP (replication=true)
2022-05-26 14:03:46,067 INFO com.netflix.eureka.registry.AbstractInstanceRegistry$EvictionTask [Eureka-EvictionTimer] Running the evict task with compensationTime 0ms
2022-05-26 14:04:46,069 INFO com.netflix.eureka.registry.AbstractInstanceRegistry$EvictionTask [Eureka-EvictionTimer] Running the evict task with compensationTime 3ms
2022-05-26 14:05:46,072 INFO com.netflix.eureka.registry.AbstractInstanceRegistry$EvictionTask [Eureka-EvictionTimer] Running the evict task with compensationTime 3ms
2022-05-26 14:06:46,074 INFO com.netflix.eureka.registry.AbstractInstanceRegistry$EvictionTask [Eureka-EvictionTimer] Running the evict task with compensationTime 2ms
2022-05-26 14:07:46,078 INFO com.netflix.eureka.registry.AbstractInstanceRegistry$EvictionTask [Eureka-EvictionTimer] Running the evict task with compensationTime 4ms
2022-05-26 14:08:46,078 INFO com.netflix.eureka.registry.AbstractInstanceRegistry$EvictionTask [Eureka-EvictionTimer] Running the evict task with compensationTime 0ms
2022-05-26 14:09:03,595 INFO com.netflix.eureka.registry.AbstractInstanceRegistry [http-nio-8761-exec-5] Registered instance REST-ITEMS/192.168.100.35:rest-items:8002 with status DOWN (replication=false)
2022-05-26 14:09:04,104 INFO com.netflix.eureka.registry.AbstractInstanceRegistry [http-nio-8761-exec-7] Registered instance REST-ITEMS/192.168.100.35:rest-items:8002 with status DOWN (replication=true)
2022-05-26 14:09:05,561 INFO com.netflix.eureka.registry.AbstractInstanceRegistry [http-nio-8761-exec-8] Registered instance API-PRODUCTOS/api-productos:8bc97a12734ff8e4a33342d4875adb28 with status DOWN (replication=false)
2022-05-26 14:09:06,072 INFO com.netflix.eureka.registry.AbstractInstanceRegistry [http-nio-8761-exec-10] Registered instance API-PRODUCTOS/api-productos:8bc97a12734ff8e4a33342d4875adb28 with status DOWN (replication=true)
2022-05-26 14:09:06,652 INFO com.netflix.eureka.registry.AbstractInstanceRegistry [http-nio-8761-exec-1] Cancelled instance REST-ITEMS/192.168.100.35:rest-items:8002 (replication=false)
2022-05-26 14:09:07,161 WARN com.netflix.eureka.registry.AbstractInstanceRegistry [http-nio-8761-exec-9] DS: Registry: cancel failed because Lease is not registered for: REST-ITEMS/192.168.100.35:rest-items:8002
2022-05-26 14:09:07,162 INFO com.netflix.eureka.resources.InstanceResource [http-nio-8761-exec-9] Not Found (Cancel): REST-ITEMS - 192.168.100.35:rest-items:8002
2022-05-26 14:09:07,164 WARN com.netflix.eureka.cluster.ReplicationTask [TaskBatchingWorker-target_localhost-11] The replication of task REST-ITEMS/192.168.100.35:rest-items:8002:Cancel@localhost failed with response code 404
2022-05-26 14:09:07,164 WARN com.netflix.eureka.cluster.PeerEurekaNode$2 [TaskBatchingWorker-target_localhost-11] REST-ITEMS/192.168.100.35:rest-items:8002:Cancel@localhost: missing entry.
2022-05-26 14:09:08,806 INFO com.netflix.eureka.registry.AbstractInstanceRegistry [http-nio-8761-exec-2] Cancelled instance API-PRODUCTOS/api-productos:8bc97a12734ff8e4a33342d4875adb28 (replication=false)
2022-05-26 14:09:09,314 WARN com.netflix.eureka.registry.AbstractInstanceRegistry [http-nio-8761-exec-5] DS: Registry: cancel failed because Lease is not registered for: API-PRODUCTOS/api-productos:8bc97a12734ff8e4a33342d4875adb28
2022-05-26 14:09:09,315 INFO com.netflix.eureka.resources.InstanceResource [http-nio-8761-exec-5] Not Found (Cancel): API-PRODUCTOS - api-productos:8bc97a12734ff8e4a33342d4875adb28
2022-05-26 14:09:09,315 WARN com.netflix.eureka.cluster.ReplicationTask [TaskBatchingWorker-target_localhost-0] The replication of task API-PRODUCTOS/api-productos:8bc97a12734ff8e4a33342d4875adb28:Cancel@localhost failed with response code 404
2022-05-26 14:09:09,315 WARN com.netflix.eureka.cluster.PeerEurekaNode$2 [TaskBatchingWorker-target_localhost-0] API-PRODUCTOS/api-productos:8bc97a12734ff8e4a33342d4875adb28:Cancel@localhost: missing entry.
