2022-05-29 01:52:55,217 INFO org.springframework.test.context.support.AbstractTestContextBootstrapper [main] Neither @ContextConfiguration nor @ContextHierarchy found for test class [com.ibm.academia.apirest.eureka.EurekaServerApplicationTests], using SpringBootContextLoader
2022-05-29 01:52:55,225 INFO org.springframework.test.context.support.AbstractContextLoader [main] Could not detect default resource locations for test class [com.ibm.academia.apirest.eureka.EurekaServerApplicationTests]: no resource found for suffixes {-context.xml, Context.groovy}.
2022-05-29 01:52:55,226 INFO org.springframework.test.context.support.AnnotationConfigContextLoaderUtils [main] Could not detect default configuration classes for test class [com.ibm.academia.apirest.eureka.EurekaServerApplicationTests]: EurekaServerApplicationTests does not declare any static, non-private, non-final, nested classes annotated with @Configuration.
2022-05-29 01:52:55,353 INFO org.springframework.boot.test.context.SpringBootTestContextBootstrapper [main] Found @SpringBootConfiguration com.ibm.academia.apirest.eureka.EurekaServerApplication for test class com.ibm.academia.apirest.eureka.EurekaServerApplicationTests
2022-05-29 01:52:55,482 INFO org.springframework.test.context.support.AbstractTestContextBootstrapper [main] Loaded default TestExecutionListener class names from location [META-INF/spring.factories]: [org.springframework.boot.test.mock.mockito.MockitoTestExecutionListener, org.springframework.boot.test.mock.mockito.ResetMocksTestExecutionListener, org.springframework.boot.test.autoconfigure.restdocs.RestDocsTestExecutionListener, org.springframework.boot.test.autoconfigure.web.client.MockRestServiceServerResetTestExecutionListener, org.springframework.boot.test.autoconfigure.web.servlet.MockMvcPrintOnlyOnFailureTestExecutionListener, org.springframework.boot.test.autoconfigure.web.servlet.WebDriverTestExecutionListener, org.springframework.boot.test.autoconfigure.webservices.client.MockWebServiceServerTestExecutionListener, org.springframework.test.context.web.ServletTestExecutionListener, org.springframework.test.context.support.DirtiesContextBeforeModesTestExecutionListener, org.springframework.test.context.event.ApplicationEventsTestExecutionListener, org.springframework.test.context.support.DependencyInjectionTestExecutionListener, org.springframework.test.context.support.DirtiesContextTestExecutionListener, org.springframework.test.context.transaction.TransactionalTestExecutionListener, org.springframework.test.context.jdbc.SqlScriptsTestExecutionListener, org.springframework.test.context.event.EventPublishingTestExecutionListener]
2022-05-29 01:52:55,495 INFO org.springframework.test.context.support.AbstractTestContextBootstrapper [main] Using TestExecutionListeners: [org.springframework.test.context.web.ServletTestExecutionListener@56aaaecd, org.springframework.test.context.support.DirtiesContextBeforeModesTestExecutionListener@522a32b1, org.springframework.test.context.event.ApplicationEventsTestExecutionListener@35390ee3, org.springframework.boot.test.mock.mockito.MockitoTestExecutionListener@5e01a982, org.springframework.boot.test.autoconfigure.SpringBootDependencyInjectionTestExecutionListener@5ddea849, org.springframework.test.context.support.DirtiesContextTestExecutionListener@5ee2b6f9, org.springframework.test.context.event.EventPublishingTestExecutionListener@23d1e5d0, org.springframework.boot.test.mock.mockito.ResetMocksTestExecutionListener@704f1591, org.springframework.boot.test.autoconfigure.restdocs.RestDocsTestExecutionListener@58fb7731, org.springframework.boot.test.autoconfigure.web.client.MockRestServiceServerResetTestExecutionListener@13e547a9, org.springframework.boot.test.autoconfigure.web.servlet.MockMvcPrintOnlyOnFailureTestExecutionListener@3fb6cf60, org.springframework.boot.test.autoconfigure.web.servlet.WebDriverTestExecutionListener@37ddb69a, org.springframework.boot.test.autoconfigure.webservices.client.MockWebServiceServerTestExecutionListener@349c1daf]
2022-05-29 01:52:56,343 INFO org.springframework.boot.StartupInfoLogger [main] Starting EurekaServerApplicationTests using Java 18 on MacBook-Pro-de-Javier.local with PID 7336 (started by javieralejandrocalixtocano in /Users/javieralejandrocalixtocano/Documents/workspace-spring-tool-suite-4-4.14.1.RELEASE/EurekaServer)
2022-05-29 01:52:56,344 INFO org.springframework.boot.SpringApplication [main] No active profile set, falling back to default profiles: default
2022-05-29 01:52:58,267 INFO org.springframework.cloud.context.scope.GenericScope [main] BeanFactory id=0b0df001-c811-3587-9d69-eca0261601f9
2022-05-29 01:53:02,681 INFO org.springframework.cloud.netflix.eureka.config.DiscoveryClientOptionalArgsConfiguration [main] Eureka HTTP Client uses Jersey
2022-05-29 01:53:02,987 WARN org.springframework.cloud.sleuth.autoconfig.zipkin2.ZipkinAutoConfiguration [pool-1-thread-1] Check result of the [RestTemplateSender{http://localhost:9411/api/v2/spans}] contains an error [CheckResult{ok=false, error=org.springframework.web.client.ResourceAccessException: I/O error on POST request for "http://localhost:9411/api/v2/spans": Connection refused; nested exception is java.net.ConnectException: Connection refused}]
2022-05-29 01:53:03,451 WARN org.springframework.cloud.loadbalancer.config.LoadBalancerCacheAutoConfiguration$LoadBalancerCaffeineWarnLogger [main] Spring Cloud LoadBalancer is currently working with the default cache. While this cache implementation is useful for development and tests, it's recommended to use Caffeine cache in production.You can switch to using Caffeine cache, by adding it and org.springframework.cache.caffeine.CaffeineCacheManager to the classpath.
2022-05-29 01:53:03,927 INFO org.springframework.cloud.netflix.eureka.InstanceInfoFactory [main] Setting initial instance status as: STARTING
2022-05-29 01:53:03,975 INFO com.netflix.discovery.DiscoveryClient [main] Initializing Eureka in region us-east-1
2022-05-29 01:53:03,978 INFO com.netflix.discovery.DiscoveryClient [main] Client configured to neither register nor query for data.
2022-05-29 01:53:03,987 INFO com.netflix.discovery.DiscoveryClient [main] Discovery Client initialized at timestamp 1653807183985 with initial instances count: 0
2022-05-29 01:53:04,128 INFO com.netflix.eureka.DefaultEurekaServerContext [main] Initializing ...
2022-05-29 01:53:04,130 INFO com.netflix.eureka.cluster.PeerEurekaNodes [main] Adding new peer nodes [http://localhost:8761/eureka/]
2022-05-29 01:53:04,499 INFO com.netflix.discovery.provider.DiscoveryJerseyProvider [main] Using JSON encoding codec LegacyJacksonJson
2022-05-29 01:53:04,502 INFO com.netflix.discovery.provider.DiscoveryJerseyProvider [main] Using JSON decoding codec LegacyJacksonJson
2022-05-29 01:53:04,503 INFO com.netflix.discovery.provider.DiscoveryJerseyProvider [main] Using XML encoding codec XStreamXml
2022-05-29 01:53:04,503 INFO com.netflix.discovery.provider.DiscoveryJerseyProvider [main] Using XML decoding codec XStreamXml
2022-05-29 01:53:04,714 INFO com.netflix.eureka.cluster.PeerEurekaNodes [main] Replica node URL:  http://localhost:8761/eureka/
2022-05-29 01:53:04,726 INFO com.netflix.eureka.registry.AbstractInstanceRegistry [main] Finished initializing remote region registries. All known remote regions: []
2022-05-29 01:53:04,730 INFO com.netflix.eureka.DefaultEurekaServerContext [main] Initialized
2022-05-29 01:53:05,262 INFO org.springframework.boot.actuate.endpoint.web.EndpointLinksResolver [main] Exposing 1 endpoint(s) beneath base path '/actuator'
2022-05-29 01:53:05,376 INFO org.springframework.cloud.netflix.eureka.serviceregistry.EurekaServiceRegistry [main] Registering application API-EUREKA-SERVER with eureka with status UP
2022-05-29 01:53:05,417 INFO org.springframework.cloud.netflix.eureka.server.EurekaServerBootstrap [Thread-11] isAws returned false
2022-05-29 01:53:05,418 INFO org.springframework.cloud.netflix.eureka.server.EurekaServerBootstrap [Thread-11] Initialized server context
2022-05-29 01:53:05,418 INFO com.netflix.eureka.registry.PeerAwareInstanceRegistryImpl [Thread-11] Got 1 instances from neighboring DS node
2022-05-29 01:53:05,418 INFO com.netflix.eureka.registry.PeerAwareInstanceRegistryImpl [Thread-11] Renew threshold is: 1
2022-05-29 01:53:05,418 INFO com.netflix.eureka.registry.PeerAwareInstanceRegistryImpl [Thread-11] Changing status to UP
2022-05-29 01:53:05,437 INFO org.springframework.cloud.netflix.eureka.server.EurekaServerInitializerConfiguration [Thread-11] Started Eureka Server
2022-05-29 01:53:05,439 INFO org.springframework.boot.StartupInfoLogger [main] Started EurekaServerApplicationTests in 9.867 seconds (JVM running for 11.284)
2022-05-29 01:53:05,916 INFO org.springframework.cloud.sleuth.autoconfig.zipkin2.ZipkinAutoConfiguration$1 [Thread-4] Flushing remaining spans on shutdown
2022-05-29 01:53:05,920 INFO org.springframework.cloud.netflix.eureka.serviceregistry.EurekaServiceRegistry [SpringApplicationShutdownHook] Unregistering application API-EUREKA-SERVER with eureka with status DOWN
2022-05-29 01:53:05,922 INFO org.springframework.cloud.netflix.eureka.server.EurekaServerBootstrap [SpringApplicationShutdownHook] Shutting down Eureka Server..
2022-05-29 01:53:05,936 INFO com.netflix.eureka.DefaultEurekaServerContext [SpringApplicationShutdownHook] Shutting down ...
2022-05-29 01:53:05,975 INFO com.netflix.eureka.DefaultEurekaServerContext [SpringApplicationShutdownHook] Shut down
2022-05-29 01:53:05,978 INFO org.springframework.cloud.netflix.eureka.server.EurekaServerBootstrap [SpringApplicationShutdownHook] Eureka Service is now shutdown...
2022-05-29 01:53:05,980 INFO com.netflix.eureka.DefaultEurekaServerContext [SpringApplicationShutdownHook] Shutting down ...
2022-05-29 01:53:05,989 INFO com.netflix.eureka.DefaultEurekaServerContext [SpringApplicationShutdownHook] Shut down
2022-05-29 01:53:07,039 INFO com.netflix.discovery.DiscoveryClient [SpringApplicationShutdownHook] Shutting down DiscoveryClient ...
2022-05-29 01:53:07,049 INFO com.netflix.discovery.DiscoveryClient [SpringApplicationShutdownHook] Completed shut down of DiscoveryClient
