2022-05-27 02:09:49,733 INFO com.netflix.discovery.DiscoveryClient [restartedMain] Completed shut down of DiscoveryClient
2022-05-27 02:09:49,734 INFO org.apache.juli.logging.DirectJDKLog [restartedMain] Stopping service [Tomcat]
2022-05-27 02:09:49,739 INFO org.springframework.boot.autoconfigure.logging.ConditionEvaluationReportLoggingListener [restartedMain] 

Error starting ApplicationContext. To display the conditions report re-run your application with 'debug' enabled.
2022-05-27 02:09:49,750 ERROR org.springframework.boot.SpringApplication [restartedMain] Application run failed
org.springframework.beans.factory.UnsatisfiedDependencyException: Error creating bean with name 'org.springframework.cloud.netflix.eureka.server.EurekaServerInitializerConfiguration': Unsatisfied dependency expressed through field 'eurekaServerBootstrap'; nested exception is org.springframework.beans.factory.UnsatisfiedDependencyException: Error creating bean with name 'eurekaServerBootstrap' defined in class path resource [org/springframework/cloud/netflix/eureka/server/EurekaServerAutoConfiguration.class]: Unsatisfied dependency expressed through method 'eurekaServerBootstrap' parameter 1; nested exception is org.springframework.beans.factory.BeanCreationException: Error creating bean with name 'eurekaServerContext': Invocation of init method failed; nested exception is java.lang.IllegalStateException: java.util.concurrent.RejectedExecutionException: Task java.util.concurrent.ScheduledThreadPoolExecutor$ScheduledFutureTask@43bcbcb1[Not completed, task = java.util.concurrent.Executors$RunnableAdapter@40192adc[Wrapped task = com.netflix.servo.monitor.StatsMonitor$$Lambda$1033/0x00000008007922b8@4f9fdb4b]] rejected from java.util.concurrent.ScheduledThreadPoolExecutor@e04d7fb[Terminated, pool size = 0, active threads = 0, queued tasks = 0, completed tasks = 0]
	at org.springframework.beans.factory.annotation.AutowiredAnnotationBeanPostProcessor$AutowiredFieldElement.resolveFieldValue(AutowiredAnnotationBeanPostProcessor.java:659)
	at org.springframework.beans.factory.annotation.AutowiredAnnotationBeanPostProcessor$AutowiredFieldElement.inject(AutowiredAnnotationBeanPostProcessor.java:639)
	at org.springframework.beans.factory.annotation.InjectionMetadata.inject(InjectionMetadata.java:119)
	at org.springframework.beans.factory.annotation.AutowiredAnnotationBeanPostProcessor.postProcessProperties(AutowiredAnnotationBeanPostProcessor.java:399)
	at org.springframework.beans.factory.support.AbstractAutowireCapableBeanFactory.populateBean(AbstractAutowireCapableBeanFactory.java:1431)
	at org.springframework.beans.factory.support.AbstractAutowireCapableBeanFactory.doCreateBean(AbstractAutowireCapableBeanFactory.java:619)
	at org.springframework.beans.factory.support.AbstractAutowireCapableBeanFactory.createBean(AbstractAutowireCapableBeanFactory.java:542)
	at org.springframework.beans.factory.support.AbstractBeanFactory.lambda$doGetBean$0(AbstractBeanFactory.java:335)
	at org.springframework.beans.factory.support.DefaultSingletonBeanRegistry.getSingleton(DefaultSingletonBeanRegistry.java:234)
	at org.springframework.beans.factory.support.AbstractBeanFactory.doGetBean(AbstractBeanFactory.java:333)
	at org.springframework.beans.factory.support.AbstractBeanFactory.getBean(AbstractBeanFactory.java:208)
	at org.springframework.beans.factory.support.DefaultListableBeanFactory.preInstantiateSingletons(DefaultListableBeanFactory.java:953)
	at org.springframework.context.support.AbstractApplicationContext.finishBeanFactoryInitialization(AbstractApplicationContext.java:918)
	at org.springframework.context.support.AbstractApplicationContext.refresh(AbstractApplicationContext.java:583)
	at org.springframework.boot.web.servlet.context.ServletWebServerApplicationContext.refresh(ServletWebServerApplicationContext.java:145)
	at org.springframework.boot.SpringApplication.refresh(SpringApplication.java:732)
	at org.springframework.boot.SpringApplication.refreshContext(SpringApplication.java:414)
	at org.springframework.boot.SpringApplication.run(SpringApplication.java:302)
	at org.springframework.boot.SpringApplication.run(SpringApplication.java:1303)
	at org.springframework.boot.SpringApplication.run(SpringApplication.java:1292)
	at com.ibm.academia.apirest.eureka.EurekaServerApplication.main(EurekaServerApplication.java:14)
	at java.base/jdk.internal.reflect.NativeMethodAccessorImpl.invoke0(Native Method)
	at java.base/jdk.internal.reflect.NativeMethodAccessorImpl.invoke(NativeMethodAccessorImpl.java:77)
	at java.base/jdk.internal.reflect.DelegatingMethodAccessorImpl.invoke(DelegatingMethodAccessorImpl.java:43)
	at java.base/java.lang.reflect.Method.invoke(Method.java:568)
	at org.springframework.boot.devtools.restart.RestartLauncher.run(RestartLauncher.java:49)
Caused by: org.springframework.beans.factory.UnsatisfiedDependencyException: Error creating bean with name 'eurekaServerBootstrap' defined in class path resource [org/springframework/cloud/netflix/eureka/server/EurekaServerAutoConfiguration.class]: Unsatisfied dependency expressed through method 'eurekaServerBootstrap' parameter 1; nested exception is org.springframework.beans.factory.BeanCreationException: Error creating bean with name 'eurekaServerContext': Invocation of init method failed; nested exception is java.lang.IllegalStateException: java.util.concurrent.RejectedExecutionException: Task java.util.concurrent.ScheduledThreadPoolExecutor$ScheduledFutureTask@43bcbcb1[Not completed, task = java.util.concurrent.Executors$RunnableAdapter@40192adc[Wrapped task = com.netflix.servo.monitor.StatsMonitor$$Lambda$1033/0x00000008007922b8@4f9fdb4b]] rejected from java.util.concurrent.ScheduledThreadPoolExecutor@e04d7fb[Terminated, pool size = 0, active threads = 0, queued tasks = 0, completed tasks = 0]
	at org.springframework.beans.factory.support.ConstructorResolver.createArgumentArray(ConstructorResolver.java:800)
	at org.springframework.beans.factory.support.ConstructorResolver.instantiateUsingFactoryMethod(ConstructorResolver.java:541)
	at org.springframework.beans.factory.support.AbstractAutowireCapableBeanFactory.instantiateUsingFactoryMethod(AbstractAutowireCapableBeanFactory.java:1352)
	at org.springframework.beans.factory.support.AbstractAutowireCapableBeanFactory.createBeanInstance(AbstractAutowireCapableBeanFactory.java:1195)
	at org.springframework.beans.factory.support.AbstractAutowireCapableBeanFactory.doCreateBean(AbstractAutowireCapableBeanFactory.java:582)
	at org.springframework.beans.factory.support.AbstractAutowireCapableBeanFactory.createBean(AbstractAutowireCapableBeanFactory.java:542)
	at org.springframework.beans.factory.support.AbstractBeanFactory.lambda$doGetBean$0(AbstractBeanFactory.java:335)
	at org.springframework.beans.factory.support.DefaultSingletonBeanRegistry.getSingleton(DefaultSingletonBeanRegistry.java:234)
	at org.springframework.beans.factory.support.AbstractBeanFactory.doGetBean(AbstractBeanFactory.java:333)
	at org.springframework.beans.factory.support.AbstractBeanFactory.getBean(AbstractBeanFactory.java:208)
	at org.springframework.beans.factory.config.DependencyDescriptor.resolveCandidate(DependencyDescriptor.java:276)
	at org.springframework.beans.factory.support.DefaultListableBeanFactory.doResolveDependency(DefaultListableBeanFactory.java:1389)
	at org.springframework.beans.factory.support.DefaultListableBeanFactory.resolveDependency(DefaultListableBeanFactory.java:1309)
	at org.springframework.beans.factory.annotation.AutowiredAnnotationBeanPostProcessor$AutowiredFieldElement.resolveFieldValue(AutowiredAnnotationBeanPostProcessor.java:656)
	... 25 common frames omitted
Caused by: org.springframework.beans.factory.BeanCreationException: Error creating bean with name 'eurekaServerContext': Invocation of init method failed; nested exception is java.lang.IllegalStateException: java.util.concurrent.RejectedExecutionException: Task java.util.concurrent.ScheduledThreadPoolExecutor$ScheduledFutureTask@43bcbcb1[Not completed, task = java.util.concurrent.Executors$RunnableAdapter@40192adc[Wrapped task = com.netflix.servo.monitor.StatsMonitor$$Lambda$1033/0x00000008007922b8@4f9fdb4b]] rejected from java.util.concurrent.ScheduledThreadPoolExecutor@e04d7fb[Terminated, pool size = 0, active threads = 0, queued tasks = 0, completed tasks = 0]
	at org.springframework.beans.factory.annotation.InitDestroyAnnotationBeanPostProcessor.postProcessBeforeInitialization(InitDestroyAnnotationBeanPostProcessor.java:160)
	at org.springframework.beans.factory.support.AbstractAutowireCapableBeanFactory.applyBeanPostProcessorsBeforeInitialization(AbstractAutowireCapableBeanFactory.java:440)
	at org.springframework.beans.factory.support.AbstractAutowireCapableBeanFactory.initializeBean(AbstractAutowireCapableBeanFactory.java:1796)
	at org.springframework.beans.factory.support.AbstractAutowireCapableBeanFactory.doCreateBean(AbstractAutowireCapableBeanFactory.java:620)
	at org.springframework.beans.factory.support.AbstractAutowireCapableBeanFactory.createBean(AbstractAutowireCapableBeanFactory.java:542)
	at org.springframework.beans.factory.support.AbstractBeanFactory.lambda$doGetBean$0(AbstractBeanFactory.java:335)
	at org.springframework.beans.factory.support.DefaultSingletonBeanRegistry.getSingleton(DefaultSingletonBeanRegistry.java:234)
	at org.springframework.beans.factory.support.AbstractBeanFactory.doGetBean(AbstractBeanFactory.java:333)
	at org.springframework.beans.factory.support.AbstractBeanFactory.getBean(AbstractBeanFactory.java:208)
	at org.springframework.beans.factory.config.DependencyDescriptor.resolveCandidate(DependencyDescriptor.java:276)
	at org.springframework.beans.factory.support.DefaultListableBeanFactory.doResolveDependency(DefaultListableBeanFactory.java:1389)
	at org.springframework.beans.factory.support.DefaultListableBeanFactory.resolveDependency(DefaultListableBeanFactory.java:1309)
	at org.springframework.beans.factory.support.ConstructorResolver.resolveAutowiredArgument(ConstructorResolver.java:887)
	at org.springframework.beans.factory.support.ConstructorResolver.createArgumentArray(ConstructorResolver.java:791)
	... 38 common frames omitted
Caused by: java.lang.IllegalStateException: java.util.concurrent.RejectedExecutionException: Task java.util.concurrent.ScheduledThreadPoolExecutor$ScheduledFutureTask@43bcbcb1[Not completed, task = java.util.concurrent.Executors$RunnableAdapter@40192adc[Wrapped task = com.netflix.servo.monitor.StatsMonitor$$Lambda$1033/0x00000008007922b8@4f9fdb4b]] rejected from java.util.concurrent.ScheduledThreadPoolExecutor@e04d7fb[Terminated, pool size = 0, active threads = 0, queued tasks = 0, completed tasks = 0]
	at com.netflix.eureka.cluster.PeerEurekaNodes.start(PeerEurekaNodes.java:106)
	at com.netflix.eureka.DefaultEurekaServerContext.initialize(DefaultEurekaServerContext.java:67)
	at java.base/jdk.internal.reflect.NativeMethodAccessorImpl.invoke0(Native Method)
	at java.base/jdk.internal.reflect.NativeMethodAccessorImpl.invoke(NativeMethodAccessorImpl.java:77)
	at java.base/jdk.internal.reflect.DelegatingMethodAccessorImpl.invoke(DelegatingMethodAccessorImpl.java:43)
	at java.base/java.lang.reflect.Method.invoke(Method.java:568)
	at org.springframework.beans.factory.annotation.InitDestroyAnnotationBeanPostProcessor$LifecycleElement.invoke(InitDestroyAnnotationBeanPostProcessor.java:389)
	at org.springframework.beans.factory.annotation.InitDestroyAnnotationBeanPostProcessor$LifecycleMetadata.invokeInitMethods(InitDestroyAnnotationBeanPostProcessor.java:333)
	at org.springframework.beans.factory.annotation.InitDestroyAnnotationBeanPostProcessor.postProcessBeforeInitialization(InitDestroyAnnotationBeanPostProcessor.java:157)
	... 51 common frames omitted
Caused by: java.util.concurrent.RejectedExecutionException: Task java.util.concurrent.ScheduledThreadPoolExecutor$ScheduledFutureTask@43bcbcb1[Not completed, task = java.util.concurrent.Executors$RunnableAdapter@40192adc[Wrapped task = com.netflix.servo.monitor.StatsMonitor$$Lambda$1033/0x00000008007922b8@4f9fdb4b]] rejected from java.util.concurrent.ScheduledThreadPoolExecutor@e04d7fb[Terminated, pool size = 0, active threads = 0, queued tasks = 0, completed tasks = 0]
	at java.base/java.util.concurrent.ThreadPoolExecutor$AbortPolicy.rejectedExecution(ThreadPoolExecutor.java:2065)
	at java.base/java.util.concurrent.ThreadPoolExecutor.reject(ThreadPoolExecutor.java:833)
	at java.base/java.util.concurrent.ScheduledThreadPoolExecutor.delayedExecute(ScheduledThreadPoolExecutor.java:340)
	at java.base/java.util.concurrent.ScheduledThreadPoolExecutor.scheduleWithFixedDelay(ScheduledThreadPoolExecutor.java:680)
	at com.netflix.servo.monitor.StatsMonitor.startComputingStats(StatsMonitor.java:409)
	at com.netflix.servo.monitor.StatsMonitor.lambda$new$0(StatsMonitor.java:365)
	at com.netflix.servo.monitor.StatsMonitor.startComputingStats(StatsMonitor.java:377)
	at com.netflix.servo.monitor.StatsTimer.<init>(StatsTimer.java:70)
	at com.netflix.servo.monitor.StatsTimer.<init>(StatsTimer.java:47)
	at com.netflix.eureka.util.batcher.AcceptorExecutor.<init>(AcceptorExecutor.java:116)
	at com.netflix.eureka.util.batcher.TaskDispatchers.createBatchingTaskDispatcher(TaskDispatchers.java:43)
	at com.netflix.eureka.cluster.PeerEurekaNode.<init>(PeerEurekaNode.java:104)
	at com.netflix.eureka.cluster.PeerEurekaNode.<init>(PeerEurekaNode.java:87)
	at org.springframework.cloud.netflix.eureka.server.EurekaServerAutoConfiguration$RefreshablePeerEurekaNodes.createPeerEurekaNode(EurekaServerAutoConfiguration.java:297)
	at com.netflix.eureka.cluster.PeerEurekaNodes.updatePeerEurekaNodes(PeerEurekaNodes.java:189)
	at com.netflix.eureka.cluster.PeerEurekaNodes.start(PeerEurekaNodes.java:87)
	... 59 common frames omitted
2022-05-27 02:14:11,431 INFO org.springframework.boot.StartupInfoLogger [restartedMain] Starting EurekaServerApplication using Java 17.0.2 on MacBook-Pro-de-Javier.local with PID 10060 (/Users/javieralejandrocalixtocano/Documents/workspace-spring-tool-suite-4-4.14.1.RELEASE/EurekaServer/target/classes started by javieralejandrocalixtocano in /Users/javieralejandrocalixtocano/Documents/workspace-spring-tool-suite-4-4.14.1.RELEASE/EurekaServer)
2022-05-27 02:14:11,433 INFO org.springframework.boot.SpringApplication [restartedMain] No active profile set, falling back to default profiles: default
2022-05-27 02:14:11,452 INFO org.springframework.boot.logging.DeferredLog [restartedMain] Devtools property defaults active! Set 'spring.devtools.add-properties' to 'false' to disable
2022-05-27 02:14:11,453 INFO org.springframework.boot.logging.DeferredLog [restartedMain] For additional web related logging consider setting the 'logging.level.web' property to 'DEBUG'
2022-05-27 02:14:11,872 INFO org.springframework.cloud.context.scope.GenericScope [restartedMain] BeanFactory id=44dc44bc-8e2b-32eb-8874-699118c39863
2022-05-27 02:14:12,083 INFO org.springframework.boot.web.embedded.tomcat.TomcatWebServer [restartedMain] Tomcat initialized with port(s): 8761 (http)
2022-05-27 02:14:12,088 INFO org.apache.juli.logging.DirectJDKLog [restartedMain] Initializing ProtocolHandler ["http-nio-8761"]
2022-05-27 02:14:12,088 INFO org.apache.juli.logging.DirectJDKLog [restartedMain] Starting service [Tomcat]
2022-05-27 02:14:12,088 INFO org.apache.juli.logging.DirectJDKLog [restartedMain] Starting Servlet engine: [Apache Tomcat/9.0.56]
2022-05-27 02:14:12,125 INFO org.apache.juli.logging.DirectJDKLog [restartedMain] Initializing Spring embedded WebApplicationContext
2022-05-27 02:14:12,125 INFO org.springframework.boot.web.servlet.context.ServletWebServerApplicationContext [restartedMain] Root WebApplicationContext: initialization completed in 672 ms
